{
  "stats": {
    "suites": 2,
    "tests": 2,
    "passes": 2,
    "pending": 0,
    "failures": 0,
    "start": "2022-12-09T13:37:12.773Z",
    "end": "2022-12-09T13:37:13.746Z",
    "duration": 973,
    "testsRegistered": 2,
    "passPercent": 100,
    "pendingPercent": 0,
    "other": 0,
    "hasOther": false,
    "skipped": 0,
    "hasSkipped": false
  },
  "results": [
    {
      "uuid": "17f679e9-d21b-46f0-8864-22954e4d3a30",
      "title": "",
      "fullFile": "",
      "file": "",
      "beforeHooks": [],
      "afterHooks": [],
      "tests": [],
      "suites": [
        {
          "uuid": "e49392c6-8e8f-4356-9ef7-d0af331cb766",
          "title": "Register",
          "fullFile": "C:\\Users\\USER-OK\\OneDrive - ITPLN\\Dokumen\\nestacademy\\api-nest-academy\\tests\\scenarios\\list-user.test.js",
          "file": "\\tests\\scenarios\\list-user.test.js",
          "beforeHooks": [],
          "afterHooks": [],
          "tests": [
            {
              "title": "Should unsuccessful register when insert invalid data",
              "fullTitle": "Register Should unsuccessful register when insert invalid data",
              "timedOut": false,
              "duration": 352,
              "state": "passed",
              "speed": "slow",
              "pass": true,
              "fail": false,
              "pending": false,
              "context": null,
              "code": "const param = getParams(data.LIST_USER_PARAM['page']);\nconst response = await ReqresApi.list_user(param);\nassert.equal(response.status, 200);",
              "err": {},
              "uuid": "e87baa2d-4c8c-4123-8ccd-f75c8aa1181a",
              "parentUUID": "e49392c6-8e8f-4356-9ef7-d0af331cb766",
              "isHook": false,
              "skipped": false
            }
          ],
          "suites": [],
          "passes": [
            "e87baa2d-4c8c-4123-8ccd-f75c8aa1181a"
          ],
          "failures": [],
          "pending": [],
          "skipped": [],
          "duration": 352,
          "root": false,
          "rootEmpty": false,
          "_timeout": 2000
        },
        {
          "uuid": "33c8c34a-30be-489c-9e74-47b8d04b762b",
          "title": "Register",
          "fullFile": "C:\\Users\\USER-OK\\OneDrive - ITPLN\\Dokumen\\nestacademy\\api-nest-academy\\tests\\scenarios\\register.test.js",
          "file": "\\tests\\scenarios\\register.test.js",
          "beforeHooks": [],
          "afterHooks": [],
          "tests": [
            {
              "title": "Should unsuccessful register when insert invalid data",
              "fullTitle": "Register Should unsuccessful register when insert invalid data",
              "timedOut": false,
              "duration": 607,
              "state": "passed",
              "speed": "slow",
              "pass": true,
              "fail": false,
              "pending": false,
              "context": null,
              "code": "const response = await ReqresApi.register(data.INVALID_REGISTER);\nassert.equal(response.status, 400);\nassert.containsAllKeys(response.data, [\"error\"]);\nassert.isString(response.data.error);\nassert.equal(response.data.error, data.ERROR_REGISTER_MESSAGE.error);",
              "err": {},
              "uuid": "30cd253e-f80d-4ebe-8f84-8dd04dfed8aa",
              "parentUUID": "33c8c34a-30be-489c-9e74-47b8d04b762b",
              "isHook": false,
              "skipped": false
            }
          ],
          "suites": [],
          "passes": [
            "30cd253e-f80d-4ebe-8f84-8dd04dfed8aa"
          ],
          "failures": [],
          "pending": [],
          "skipped": [],
          "duration": 607,
          "root": false,
          "rootEmpty": false,
          "_timeout": 2000
        }
      ],
      "passes": [],
      "failures": [],
      "pending": [],
      "skipped": [],
      "duration": 0,
      "root": true,
      "rootEmpty": true,
      "_timeout": 2000
    }
  ],
  "meta": {
    "mocha": {
      "version": "10.1.0"
    },
    "mochawesome": {
      "options": {
        "quiet": false,
        "reportFilename": "mochawesome",
        "saveHtml": true,
        "saveJson": true,
        "consoleReporter": "spec",
        "useInlineDiffs": false,
        "code": true
      },
      "version": "7.1.3"
    },
    "marge": {
      "options": null,
      "version": "6.2.0"
    }
  }
}